mode: set
github.com/weufhsos/adaptive_sync_go/store/pn_counter.go:46.42,54.2 1 1
github.com/weufhsos/adaptive_sync_go/store/pn_counter.go:57.62,69.2 5 1
github.com/weufhsos/adaptive_sync_go/store/pn_counter.go:72.62,84.2 5 1
github.com/weufhsos/adaptive_sync_go/store/pn_counter.go:88.92,93.44 3 1
github.com/weufhsos/adaptive_sync_go/store/pn_counter.go:93.44,94.75 1 1
github.com/weufhsos/adaptive_sync_go/store/pn_counter.go:94.75,96.4 1 1
github.com/weufhsos/adaptive_sync_go/store/pn_counter.go:100.2,100.44 1 1
github.com/weufhsos/adaptive_sync_go/store/pn_counter.go:100.44,101.75 1 1
github.com/weufhsos/adaptive_sync_go/store/pn_counter.go:101.75,103.4 1 1
github.com/weufhsos/adaptive_sync_go/store/pn_counter.go:107.2,107.61 1 1
github.com/weufhsos/adaptive_sync_go/store/pn_counter.go:111.38,119.30 5 1
github.com/weufhsos/adaptive_sync_go/store/pn_counter.go:119.30,121.3 1 1
github.com/weufhsos/adaptive_sync_go/store/pn_counter.go:124.2,124.30 1 1
github.com/weufhsos/adaptive_sync_go/store/pn_counter.go:124.30,126.3 1 1
github.com/weufhsos/adaptive_sync_go/store/pn_counter.go:128.2,128.26 1 1
github.com/weufhsos/adaptive_sync_go/store/pn_counter.go:132.59,136.2 3 1
github.com/weufhsos/adaptive_sync_go/store/pn_counter.go:139.40,144.2 4 1
github.com/weufhsos/adaptive_sync_go/store/pn_counter.go:147.74,155.28 5 1
github.com/weufhsos/adaptive_sync_go/store/pn_counter.go:155.28,157.3 1 1
github.com/weufhsos/adaptive_sync_go/store/pn_counter.go:158.2,158.28 1 1
github.com/weufhsos/adaptive_sync_go/store/pn_counter.go:158.28,160.3 1 1
github.com/weufhsos/adaptive_sync_go/store/pn_counter.go:162.2,162.27 1 1
github.com/weufhsos/adaptive_sync_go/store/pn_counter.go:166.47,174.2 5 1
github.com/weufhsos/adaptive_sync_go/store/pn_counter.go:177.80,188.41 3 1
github.com/weufhsos/adaptive_sync_go/store/pn_counter.go:188.41,190.3 1 1
github.com/weufhsos/adaptive_sync_go/store/pn_counter.go:194.105,206.41 3 1
github.com/weufhsos/adaptive_sync_go/store/pn_counter.go:206.41,208.3 1 0
github.com/weufhsos/adaptive_sync_go/store/pn_counter.go:212.50,218.41 4 1
github.com/weufhsos/adaptive_sync_go/store/pn_counter.go:218.41,221.3 2 1
github.com/weufhsos/adaptive_sync_go/pi/inspector.go:43.32,49.2 1 1
github.com/weufhsos/adaptive_sync_go/pi/inspector.go:52.29,55.2 2 1
github.com/weufhsos/adaptive_sync_go/pi/inspector.go:58.28,62.9 2 1
github.com/weufhsos/adaptive_sync_go/pi/inspector.go:63.20,63.20 0 1
github.com/weufhsos/adaptive_sync_go/pi/inspector.go:65.10,66.20 1 1
github.com/weufhsos/adaptive_sync_go/pi/inspector.go:69.2,70.50 2 1
github.com/weufhsos/adaptive_sync_go/pi/inspector.go:75.97,78.22 2 1
github.com/weufhsos/adaptive_sync_go/pi/inspector.go:78.22,80.3 1 1
github.com/weufhsos/adaptive_sync_go/pi/inspector.go:83.2,91.21 5 1
github.com/weufhsos/adaptive_sync_go/pi/inspector.go:91.21,93.3 1 1
github.com/weufhsos/adaptive_sync_go/pi/inspector.go:96.2,108.23 3 1
github.com/weufhsos/adaptive_sync_go/pi/inspector.go:108.23,110.3 1 1
github.com/weufhsos/adaptive_sync_go/pi/inspector.go:112.2,113.39 1 1
github.com/weufhsos/adaptive_sync_go/pi/inspector.go:117.70,119.2 1 1
github.com/weufhsos/adaptive_sync_go/pi/inspector.go:122.48,128.2 4 1
github.com/weufhsos/adaptive_sync_go/pi/inspector.go:134.111,144.35 5 1
github.com/weufhsos/adaptive_sync_go/pi/inspector.go:144.35,147.44 2 1
github.com/weufhsos/adaptive_sync_go/pi/inspector.go:147.44,149.4 1 1
github.com/weufhsos/adaptive_sync_go/pi/inspector.go:152.3,158.56 4 1
github.com/weufhsos/adaptive_sync_go/pi/inspector.go:161.2,161.38 1 1
github.com/weufhsos/adaptive_sync_go/pi/inspector.go:166.63,167.24 1 1
github.com/weufhsos/adaptive_sync_go/pi/inspector.go:167.24,169.3 1 1
github.com/weufhsos/adaptive_sync_go/pi/inspector.go:172.2,173.33 2 1
github.com/weufhsos/adaptive_sync_go/pi/inspector.go:173.33,175.3 1 1
github.com/weufhsos/adaptive_sync_go/pi/inspector.go:176.2,180.33 3 1
github.com/weufhsos/adaptive_sync_go/pi/inspector.go:180.33,183.3 2 1
github.com/weufhsos/adaptive_sync_go/pi/inspector.go:184.2,187.17 2 1
github.com/weufhsos/adaptive_sync_go/pi/inspector.go:191.46,199.35 5 1
github.com/weufhsos/adaptive_sync_go/pi/inspector.go:199.35,201.3 1 1
github.com/weufhsos/adaptive_sync_go/pi/inspector.go:201.8,205.3 1 1
github.com/weufhsos/adaptive_sync_go/pi/inspector.go:207.2,207.36 1 1
github.com/weufhsos/adaptive_sync_go/pi/inspector.go:211.36,217.6 4 1
github.com/weufhsos/adaptive_sync_go/pi/inspector.go:217.6,218.10 1 1
github.com/weufhsos/adaptive_sync_go/pi/inspector.go:219.21,220.10 1 1
github.com/weufhsos/adaptive_sync_go/pi/inspector.go:221.19,224.65 2 0
